[T 13:49:46 93396] CodeQL CLI version 2.22.1
[T 13:49:46 93396] Initializing tracer.
[T 13:49:46 93396] Initializing tags.
[T 13:49:46 93396] ID set to 0000000000016CD4_0000000000000001 (parent root)
[T 13:49:46 93396] Initializing tracer.
[T 13:49:46 93396] Initializing tags.
[T 13:49:46 93396] ID set to 0000000000016CD4_0000000000000002 (parent root)
[T 13:49:46 93396] Warning: SEMMLE_EXEC and SEMMLE_EXECP not set. Falling back to path lookup on argv[0].
[T 13:49:46 93396] ==== Candidate to intercept: /home/codespace/codeql-home/codeql/tools/linux64/runner-linux (canonical: /home/codespace/codeql-home/codeql/tools/linux64/runner-linux) ====
[T 13:49:46 93396] Lua: === Intercepted call to /home/codespace/codeql-home/codeql/tools/linux64/runner-linux ===
[T 13:49:46 93396] Executing the following tracer actions:
[T 13:49:46 93396] Tracer actions:
[T 13:49:46 93396] pre_invocations(0)
[T 13:49:46 93396] post_invocations(0)
[T 13:49:46 93396] trace_languages(1): [java]
[T 13:49:46 93396] Initializing tracer.
[T 13:49:46 93396] Initializing tags.
[T 13:49:46 93396] ID set to 0000000000016CD4_0000000000000003 (parent 0000000000016CD4_0000000000000002)
[T 13:49:46 93396] ==== Candidate to intercept: mvn (canonical: /usr/local/sdkman/candidates/maven/current/bin/mvn) ====
[T 13:49:46 93396] Lua: === Intercepted call to /usr/local/sdkman/candidates/maven/current/bin/mvn ===
[T 13:49:46 93396] Executing the following tracer actions:
[T 13:49:46 93396] Tracer actions:
[T 13:49:46 93396] pre_invocations(0)
[T 13:49:46 93396] post_invocations(0)
[T 13:49:46 93396] trace_languages(1): [java]
[T 13:49:46 93399] Initializing tracer.
[T 13:49:46 93399] Initializing tags.
[T 13:49:46 93399] ID set to 0000000000016CD7_0000000000000001 (parent 0000000000016CD4_0000000000000003)
[T 13:49:46 93399] ==== Candidate to intercept: /usr/bin/uname (canonical: /usr/bin/uname) ====
[T 13:49:46 93399] Lua: === Intercepted call to /usr/bin/uname ===
[T 13:49:46 93399] Executing the following tracer actions:
[T 13:49:46 93399] Tracer actions:
[T 13:49:46 93399] pre_invocations(0)
[T 13:49:46 93399] post_invocations(0)
[T 13:49:46 93399] trace_languages(1): [java]
[T 13:49:46 93401] Initializing tracer.
[T 13:49:46 93401] Initializing tags.
[T 13:49:46 93401] ID set to 0000000000016CD9_0000000000000001 (parent 0000000000016CD4_0000000000000003)
[T 13:49:46 93401] ==== Candidate to intercept: /usr/bin/dirname (canonical: /usr/bin/dirname) ====
[T 13:49:46 93401] Lua: === Intercepted call to /usr/bin/dirname ===
[T 13:49:46 93401] Executing the following tracer actions:
[T 13:49:46 93401] Tracer actions:
[T 13:49:46 93401] pre_invocations(0)
[T 13:49:46 93401] post_invocations(0)
[T 13:49:46 93401] trace_languages(1): [java]
[T 13:49:46 93396] Initializing tracer.
[T 13:49:46 93396] Initializing tags.
[T 13:49:46 93396] ID set to 0000000000016CD4_0000000000000004 (parent 0000000000016CD4_0000000000000003)
[T 13:49:46 93396] ==== Candidate to intercept: /usr/local/sdkman/candidates/java/current/bin/java (canonical: /usr/local/sdkman/candidates/java/21.0.7-ms/bin/java) ====
[T 13:49:46 93396] Lua: === Intercepted call to /usr/local/sdkman/candidates/java/21.0.7-ms/bin/java ===
[T 13:49:46 93396] Executing the following tracer actions:
[T 13:49:46 93396] Tracer actions:
[T 13:49:46 93396] pre_invocations(0)
[T 13:49:46 93396] post_invocations(0)
[T 13:49:46 93396] trace_languages(1): [java]
[T 13:49:46 93396] Passing through -javaagent:/home/codespace/codeql-home/codeql/java/tools/codeql-java-agent.jar=ignore-project,java,kotlin to underlying JVM.
[T 13:49:46 93396] Passing through -Xbootclasspath/a:/home/codespace/codeql-home/codeql/java/tools/codeql-java-agent.jar to underlying JVM.
[T 13:49:46 93396] Intercepted JVM creation with extra hidden args: ['-javaagent:/home/codespace/codeql-home/codeql/java/tools/codeql-java-agent.jar=ignore-project,java,kotlin' '-Xbootclasspath/a:/home/codespace/codeql-home/codeql/java/tools/codeql-java-agent.jar' ] (result: 1, 0).
[T 13:50:05 93644] Initializing tracer.
[T 13:50:05 93644] Initializing tags.
[T 13:50:05 93644] ID set to 0000000000016DCC_0000000000000001 (parent 0000000000016CD4_0000000000000004)
[T 13:50:05 93644] ==== Candidate to intercept: /usr/local/sdkman/candidates/java/21.0.7-ms/lib/jspawnhelper (canonical: /usr/local/sdkman/candidates/java/21.0.7-ms/lib/jspawnhelper) ====
[T 13:50:05 93644] Lua: === Intercepted call to /usr/local/sdkman/candidates/java/21.0.7-ms/lib/jspawnhelper ===
[T 13:50:05 93644] Executing the following tracer actions:
[T 13:50:05 93644] Tracer actions:
[T 13:50:05 93644] pre_invocations(0)
[T 13:50:05 93644] post_invocations(0)
[T 13:50:05 93644] trace_languages(1): [java]
[T 13:50:05 93644] Initializing tracer.
[T 13:50:05 93644] Initializing tags.
[T 13:50:05 93644] ID set to 0000000000016DCC_0000000000000002 (parent 0000000000016DCC_0000000000000001)
[T 13:50:05 93644] ==== Candidate to intercept: /usr/local/sdkman/candidates/java/21.0.7-ms/bin/java (canonical: /usr/local/sdkman/candidates/java/21.0.7-ms/bin/java) ====
[T 13:50:05 93644] Lua: === Intercepted call to /usr/local/sdkman/candidates/java/21.0.7-ms/bin/java ===
[T 13:50:05 93644] Executing the following tracer actions:
[T 13:50:05 93644] Tracer actions:
[T 13:50:05 93644] pre_invocations(0)
[T 13:50:05 93644] post_invocations(0)
[T 13:50:05 93644] trace_languages(1): [java]
[T 13:50:05 93644] Passing through -javaagent:/home/codespace/codeql-home/codeql/java/tools/codeql-java-agent.jar=ignore-project,java,kotlin to underlying JVM.
[T 13:50:05 93644] Passing through -Xbootclasspath/a:/home/codespace/codeql-home/codeql/java/tools/codeql-java-agent.jar to underlying JVM.
[T 13:50:05 93644] Intercepted JVM creation with extra hidden args: ['-javaagent:/home/codespace/codeql-home/codeql/java/tools/codeql-java-agent.jar=ignore-project,java,kotlin' '-Xbootclasspath/a:/home/codespace/codeql-home/codeql/java/tools/codeql-java-agent.jar' ] (result: 1, 0).
