[2025-07-12 13:50:30] This is codeql database index-files --include-extension=.properties --size-limit=5m --language properties -- /workspaces/ghcp-course/db
[2025-07-12 13:50:30] Log file was started late.
[2025-07-12 13:50:30] Using index-files script /home/codespace/codeql-home/codeql/properties/tools/index-files.sh.
[2025-07-12 13:50:30] [PROGRESS] database index-files> Scanning for files in /workspaces/ghcp-course/session2/java/UserApp...
[2025-07-12 13:50:30] Calling plumbing command: codeql resolve files --include-extension=.properties --size-limit=5m /workspaces/ghcp-course/session2/java/UserApp --format=json
[2025-07-12 13:50:30] [PROGRESS] resolve files> Scanning /workspaces/ghcp-course/session2/java/UserApp...
[2025-07-12 13:50:30] [PROGRESS] resolve files> Scanning /workspaces/ghcp-course/session2/java/UserApp/src...
[2025-07-12 13:50:30] [PROGRESS] resolve files> Scanning /workspaces/ghcp-course/session2/java/UserApp/src/test...
[2025-07-12 13:50:30] [PROGRESS] resolve files> Scanning /workspaces/ghcp-course/session2/java/UserApp/src/test/java...
[2025-07-12 13:50:30] [PROGRESS] resolve files> Scanning /workspaces/ghcp-course/session2/java/UserApp/src/test/java/com...
[2025-07-12 13:50:30] [PROGRESS] resolve files> Scanning /workspaces/ghcp-course/session2/java/UserApp/src/test/java/com/example...
[2025-07-12 13:50:30] [PROGRESS] resolve files> Scanning /workspaces/ghcp-course/session2/java/UserApp/src/test/java/com/example/UserApp...
[2025-07-12 13:50:30] [PROGRESS] resolve files> Scanning /workspaces/ghcp-course/session2/java/UserApp/src/main...
[2025-07-12 13:50:30] [PROGRESS] resolve files> Scanning /workspaces/ghcp-course/session2/java/UserApp/src/main/resources...
[2025-07-12 13:50:30] [PROGRESS] resolve files> Scanning /workspaces/ghcp-course/session2/java/UserApp/src/main/resources/static...
[2025-07-12 13:50:30] [PROGRESS] resolve files> Scanning /workspaces/ghcp-course/session2/java/UserApp/src/main/resources/templates...
[2025-07-12 13:50:30] [PROGRESS] resolve files> Scanning /workspaces/ghcp-course/session2/java/UserApp/src/main/java...
[2025-07-12 13:50:30] [PROGRESS] resolve files> Scanning /workspaces/ghcp-course/session2/java/UserApp/src/main/java/com...
[2025-07-12 13:50:30] [PROGRESS] resolve files> Scanning /workspaces/ghcp-course/session2/java/UserApp/src/main/java/com/example...
[2025-07-12 13:50:30] [PROGRESS] resolve files> Scanning /workspaces/ghcp-course/session2/java/UserApp/src/main/java/com/example/UserApp...
[2025-07-12 13:50:30] [PROGRESS] resolve files> Scanning /workspaces/ghcp-course/session2/java/UserApp/src/main/java/com/example/UserApp/repository...
[2025-07-12 13:50:30] [PROGRESS] resolve files> Scanning /workspaces/ghcp-course/session2/java/UserApp/src/main/java/com/example/UserApp/model...
[2025-07-12 13:50:30] [PROGRESS] resolve files> Scanning /workspaces/ghcp-course/session2/java/UserApp/src/main/java/com/example/UserApp/service...
[2025-07-12 13:50:30] [PROGRESS] resolve files> Scanning /workspaces/ghcp-course/session2/java/UserApp/src/main/java/com/example/UserApp/controller...
[2025-07-12 13:50:30] [PROGRESS] resolve files> Scanning /workspaces/ghcp-course/session2/java/UserApp/.mvn...
[2025-07-12 13:50:30] [PROGRESS] resolve files> Scanning /workspaces/ghcp-course/session2/java/UserApp/.mvn/wrapper...
[2025-07-12 13:50:30] [PROGRESS] resolve files> Scanning /workspaces/ghcp-course/session2/java/UserApp/target...
[2025-07-12 13:50:30] [PROGRESS] resolve files> Scanning /workspaces/ghcp-course/session2/java/UserApp/target/maven-status...
[2025-07-12 13:50:30] [PROGRESS] resolve files> Scanning /workspaces/ghcp-course/session2/java/UserApp/target/maven-status/maven-compiler-plugin...
[2025-07-12 13:50:30] [PROGRESS] resolve files> Scanning /workspaces/ghcp-course/session2/java/UserApp/target/maven-status/maven-compiler-plugin/compile...
[2025-07-12 13:50:30] [PROGRESS] resolve files> Scanning /workspaces/ghcp-course/session2/java/UserApp/target/maven-status/maven-compiler-plugin/compile/default-compile...
[2025-07-12 13:50:30] [PROGRESS] resolve files> Scanning /workspaces/ghcp-course/session2/java/UserApp/target/classes...
[2025-07-12 13:50:30] [PROGRESS] resolve files> Scanning /workspaces/ghcp-course/session2/java/UserApp/target/classes/com...
[2025-07-12 13:50:30] [PROGRESS] resolve files> Scanning /workspaces/ghcp-course/session2/java/UserApp/target/classes/com/example...
[2025-07-12 13:50:30] [PROGRESS] resolve files> Scanning /workspaces/ghcp-course/session2/java/UserApp/target/classes/com/example/UserApp...
[2025-07-12 13:50:30] [PROGRESS] resolve files> Scanning /workspaces/ghcp-course/session2/java/UserApp/target/classes/com/example/UserApp/repository...
[2025-07-12 13:50:30] [PROGRESS] resolve files> Scanning /workspaces/ghcp-course/session2/java/UserApp/target/classes/com/example/UserApp/model...
[2025-07-12 13:50:30] [PROGRESS] resolve files> Scanning /workspaces/ghcp-course/session2/java/UserApp/target/classes/com/example/UserApp/service...
[2025-07-12 13:50:30] [PROGRESS] resolve files> Scanning /workspaces/ghcp-course/session2/java/UserApp/target/classes/com/example/UserApp/controller...
[2025-07-12 13:50:30] [PROGRESS] resolve files> Scanning /workspaces/ghcp-course/session2/java/UserApp/target/generated-sources...
[2025-07-12 13:50:30] [PROGRESS] resolve files> Scanning /workspaces/ghcp-course/session2/java/UserApp/target/generated-sources/annotations...
[2025-07-12 13:50:30] Plumbing command codeql resolve files completed:
                      [
                        "/workspaces/ghcp-course/session2/java/UserApp/.mvn/wrapper/maven-wrapper.properties",
                        "/workspaces/ghcp-course/session2/java/UserApp/src/main/resources/application.properties",
                        "/workspaces/ghcp-course/session2/java/UserApp/target/classes/application.properties"
                      ]
[2025-07-12 13:50:30] [DETAILS] database index-files> Found 3 files.
[2025-07-12 13:50:30] [PROGRESS] database index-files> /workspaces/ghcp-course/db: Indexing files in in /workspaces/ghcp-course/session2/java/UserApp...
[2025-07-12 13:50:30] Using index-files script /home/codespace/codeql-home/codeql/properties/tools/index-files.sh.
[2025-07-12 13:50:30] [PROGRESS] database index-files> Running command in /workspaces/ghcp-course/session2/java/UserApp: [/home/codespace/codeql-home/codeql/properties/tools/index-files.sh, /workspaces/ghcp-course/db/working/files-to-index3415236585192344012.list]
[2025-07-12 13:50:31] Terminating normally.
