[2025-07-12 13:50:06] [javac-extractor-93644] Starting extraction for:
                                              sun.java.command=com.semmle.extractor.java.JavaExtractor --jdk-version 21 --javac-args @@@/workspaces/ghcp-course/db/log/ext/javac.args
                                              user.dir=/workspaces/ghcp-course/session2/java/UserApp
[2025-07-12 13:50:06] [javac-extractor-93644] Compilation name /workspaces/ghcp-course/db/trap/java/diagnostics/diagnostic.trap.gz
[2025-07-12 13:50:06] [javac-extractor-93644] [WARN] Appending source destination directory /workspaces/ghcp-course/session2/java/UserApp/target/generated-sources/annotations to sourcepath
[2025-07-12 13:50:09] [javac-extractor-93644] Annotation processor class 'lombok.launch.AnnotationProcessorHider$AnnotationProcessor' initialized.
[2025-07-12 13:50:09] [javac-extractor-93644] Annotation processor class 'lombok.launch.AnnotationProcessorHider$ClaimingProcessor' initialized.
[2025-07-12 13:50:09] [javac-extractor-93644] Processing file /workspaces/ghcp-course/session2/java/UserApp/src/main/java/com/example/UserApp/UserAppApplication.java
[2025-07-12 13:50:23] [javac-extractor-93644] Processing module java.base
[2025-07-12 13:50:23] [javac-extractor-93644] Processing module java.desktop
[2025-07-12 13:50:23] [javac-extractor-93644] Processing module java.datatransfer
[2025-07-12 13:50:23] [javac-extractor-93644] Processing JAR file: /home/codespace/.m2/repository/org/springframework/boot/spring-boot/3.5.3/spring-boot-3.5.3.jar
[2025-07-12 13:50:23] [javac-extractor-93644] Processing JAR file: /home/codespace/.m2/repository/org/springframework/spring-core/6.2.8/spring-core-6.2.8.jar
[2025-07-12 13:50:23] [javac-extractor-93644] Processing JAR file: /home/codespace/.m2/repository/org/springframework/spring-context/6.2.8/spring-context-6.2.8.jar
[2025-07-12 13:50:23] [javac-extractor-93644] Processing JAR file: /home/codespace/.m2/repository/org/springframework/boot/spring-boot-autoconfigure/3.5.3/spring-boot-autoconfigure-3.5.3.jar
[2025-07-12 13:50:23] [javac-extractor-93644] Processing JAR file: /home/codespace/.m2/repository/org/springframework/spring-beans/6.2.8/spring-beans-6.2.8.jar
[2025-07-12 13:50:23] [javac-extractor-93644] Processing JAR file: /home/codespace/.m2/repository/org/springframework/spring-jcl/6.2.8/spring-jcl-6.2.8.jar
[2025-07-12 13:50:23] [javac-extractor-93644] Processing file /workspaces/ghcp-course/session2/java/UserApp/src/main/java/com/example/UserApp/controller/UserController.java
[2025-07-12 13:50:24] [javac-extractor-93644] Processing module java.sql
[2025-07-12 13:50:24] [javac-extractor-93644] Processing module java.xml
[2025-07-12 13:50:24] [javac-extractor-93644] Processing module java.logging
[2025-07-12 13:50:24] [javac-extractor-93644] Processing JAR file: /home/codespace/.m2/repository/org/springframework/spring-web/6.2.8/spring-web-6.2.8.jar
[2025-07-12 13:50:24] [javac-extractor-93644] Processing file /workspaces/ghcp-course/session2/java/UserApp/src/main/java/com/example/UserApp/model/User.java
[2025-07-12 13:50:24] [javac-extractor-93644] Processing JAR file: /home/codespace/.m2/repository/jakarta/persistence/jakarta.persistence-api/3.1.0/jakarta.persistence-api-3.1.0.jar
[2025-07-12 13:50:24] [javac-extractor-93644] Processing file /workspaces/ghcp-course/session2/java/UserApp/src/main/java/com/example/UserApp/repository/UserRepository.java
[2025-07-12 13:50:25] [javac-extractor-93644] Processing JAR file: /home/codespace/.m2/repository/org/springframework/data/spring-data-jpa/3.5.1/spring-data-jpa-3.5.1.jar
[2025-07-12 13:50:25] [javac-extractor-93644] Processing JAR file: /home/codespace/.m2/repository/org/springframework/data/spring-data-commons/3.5.1/spring-data-commons-3.5.1.jar
[2025-07-12 13:50:25] [javac-extractor-93644] Processing file /workspaces/ghcp-course/session2/java/UserApp/src/main/java/com/example/UserApp/service/UserService.java
[2025-07-12 13:50:25] [javac-extractor-93644] Javac init time: 2.3s
[2025-07-12 13:50:25] [javac-extractor-93644] Javac attr time: 0.1s
[2025-07-12 13:50:25] [javac-extractor-93644] Extractor time: 16.4s
[2025-07-12 13:50:25] [javac-extractor-93644] Other time: 0.4s
[2025-07-12 13:50:25] [javac-extractor-93644] Total time: 19.3s
